<?xml version="1.0" encoding="UTF-8"?>
<testsuite xmlns:xsi="http://www.w3.org/2001/XMLSchema-instance" xsi:schemaLocation="https://maven.apache.org/surefire/maven-surefire-plugin/xsd/surefire-test-report.xsd" name="br.com.viaVarejo.runner.RunCucumberTest" time="41.663" tests="5" errors="0" skipped="0" failures="0">
  <properties>
[...]
</properties>
  <testcase name="Dado que eu acesse a página da VV Test" classname="Cenário: Preencher pesquisa com dados obrigatórios válidos" time="0.003"/>
  <testcase name="E acesse o menu &quot;Pesquisa – QA&quot;" classname="Cenário: Preencher pesquisa com dados obrigatórios válidos" time="0"/>
  <testcase name="Quando eu preencher todos os campos obrigatórios" classname="Cenário: Preencher pesquisa com dados obrigatórios válidos" time="0"/>
  <testcase name="Então deve ser direcionado para uma página de sucesso" classname="Cenário: Preencher pesquisa com dados obrigatórios válidos" time="0"/>
  <testcase name="Cenário: Preencher pesquisa com dados obrigatórios válidos" classname="Cenário: Preencher pesquisa com dados obrigatórios válidos" time="0.831"/>
</testsuite>