<?xml version="1.0" encoding="UTF-8"?>
<testsuite xmlns:xsi="http://www.w3.org/2001/XMLSchema-instance" xsi:schemaLocation="https://maven.apache.org/surefire/maven-surefire-plugin/xsd/surefire-test-report.xsd" name="br.com.ZeDelivery.runner.RunCucumberTest" time="101.158" tests="29" errors="0" skipped="0" failures="0">
  <properties>
[...]
</properties>
  <testcase name="Dado que estou no site &quot;https://www.ze.delivery/&quot;" classname="| &quot;Ze Delivery&quot; | &quot;automacao10006@gmail.com&quot; | &quot;37366727059&quot; | &quot;11977454286&quot; |" time="0.002"/>
  <testcase name="E que informo maior idade" classname="| &quot;Ze Delivery&quot; | &quot;automacao10006@gmail.com&quot; | &quot;37366727059&quot; | &quot;11977454286&quot; |" time="0"/>
  <testcase name="Quando eu acesso a pagina de cadastro" classname="| &quot;Ze Delivery&quot; | &quot;automacao10006@gmail.com&quot; | &quot;37366727059&quot; | &quot;11977454286&quot; |" time="0"/>
  <testcase name="E preencho o campo Nome e sobrenome com o valor &quot;Ze Delivery&quot;" classname="| &quot;Ze Delivery&quot; | &quot;automacao10006@gmail.com&quot; | &quot;37366727059&quot; | &quot;11977454286&quot; |" time="0"/>
  <testcase name="E preencho o campo E-mail com um valor de e-mail genérico" classname="| &quot;Ze Delivery&quot; | &quot;automacao10006@gmail.com&quot; | &quot;37366727059&quot; | &quot;11977454286&quot; |" time="0"/>
  <testcase name="E preencho o campo Senha com o valor &quot;Automacao001&quot;" classname="| &quot;Ze Delivery&quot; | &quot;automacao10006@gmail.com&quot; | &quot;37366727059&quot; | &quot;11977454286&quot; |" time="0"/>
  <testcase name="E preencho o campo CPF com o valor &quot;37366727059&quot;" classname="| &quot;Ze Delivery&quot; | &quot;automacao10006@gmail.com&quot; | &quot;37366727059&quot; | &quot;11977454286&quot; |" time="0"/>
  <testcase name="E preencho o campo Celular com o valor &quot;11977454286&quot;" classname="| &quot;Ze Delivery&quot; | &quot;automacao10006@gmail.com&quot; | &quot;37366727059&quot; | &quot;11977454286&quot; |" time="0"/>
  <testcase name="E preencho o campo &apos;Qual a sua idade?&apos; com o valor &quot;23&quot;" classname="| &quot;Ze Delivery&quot; | &quot;automacao10006@gmail.com&quot; | &quot;37366727059&quot; | &quot;11977454286&quot; |" time="0"/>
  <testcase name="E aceito os termos" classname="| &quot;Ze Delivery&quot; | &quot;automacao10006@gmail.com&quot; | &quot;37366727059&quot; | &quot;11977454286&quot; |" time="0"/>
  <testcase name="E aceito as Notificações" classname="| &quot;Ze Delivery&quot; | &quot;automacao10006@gmail.com&quot; | &quot;37366727059&quot; | &quot;11977454286&quot; |" time="0"/>
  <testcase name="E confirmo o cadastro" classname="| &quot;Ze Delivery&quot; | &quot;automacao10006@gmail.com&quot; | &quot;37366727059&quot; | &quot;11977454286&quot; |" time="0"/>
  <testcase name="Então é exibido a página inicial do sistema" classname="| &quot;Ze Delivery&quot; | &quot;automacao10006@gmail.com&quot; | &quot;37366727059&quot; | &quot;11977454286&quot; |" time="0"/>
  <testcase name="E eu verifico se o nome cadastrado é igual a &quot;Ze Delivery&quot;" classname="| &quot;Ze Delivery&quot; | &quot;automacao10006@gmail.com&quot; | &quot;37366727059&quot; | &quot;11977454286&quot; |" time="0"/>
  <testcase name="E eu verifico se o telefone cadastrado é igual a &quot;11977454286&quot;" classname="| &quot;Ze Delivery&quot; | &quot;automacao10006@gmail.com&quot; | &quot;37366727059&quot; | &quot;11977454286&quot; |" time="0"/>
  <testcase name="| &quot;Ze Delivery&quot; | &quot;automacao10006@gmail.com&quot; | &quot;37366727059&quot; | &quot;11977454286&quot; |" classname="| &quot;Ze Delivery&quot; | &quot;automacao10006@gmail.com&quot; | &quot;37366727059&quot; | &quot;11977454286&quot; |" time="5.753"/>
  <testcase name="Quando que eu realizo a chamada da api de consultar clima para a cidade &quot;London&quot;" classname="| 200 | &quot;London&quot; |" time="0"/>
  <testcase name="E eu valido do ResponseBody o campo &quot;name&quot; igual a &quot;London&quot;" classname="| 200 | &quot;London&quot; |" time="0"/>
  <testcase name="| 200 | &quot;London&quot; |" classname="| 200 | &quot;London&quot; |" time="8.45"/>
  <testcase name="Quando que eu realizo a chamada da api de consultar clima por ID cidade 2172797" classname="| 200 | &quot;London&quot; | 2172797 |" time="0"/>
  <testcase name="E eu valido do ResponseBody o campo &quot;name&quot; igual a &quot;London&quot;" classname="| 200 | &quot;London&quot; | 2172797 |" time="0"/>
  <testcase name="| 200 | &quot;London&quot; | 2172797 |" classname="| 200 | &quot;London&quot; | 2172797 |" time="8.641"/>
  <testcase name="Dado que estou no site &quot;https://www.ze.delivery/&quot;" classname="| &quot;automacao1010@gmail.com&quot; | &quot;Automacao001&quot; |" time="0"/>
  <testcase name="E que informo maior idade" classname="| &quot;automacao1010@gmail.com&quot; | &quot;Automacao001&quot; |" time="0"/>
  <testcase name="Quando eu acesso a pagina de Login" classname="| &quot;automacao1010@gmail.com&quot; | &quot;Automacao001&quot; |" time="0"/>
  <testcase name="E realizo o acesso com o E-mail &quot;automacao1010@gmail.com&quot; e senha &quot;Automacao001&quot;" classname="| &quot;automacao1010@gmail.com&quot; | &quot;Automacao001&quot; |" time="0"/>
  <testcase name="Então é exibido a página inicial do sistema" classname="| &quot;automacao1010@gmail.com&quot; | &quot;Automacao001&quot; |" time="0"/>
  <testcase name="E eu verifico se o e-mail cadastrado é igual a &quot;automacao1010@gmail.com&quot;" classname="| &quot;automacao1010@gmail.com&quot; | &quot;Automacao001&quot; |" time="0"/>
  <testcase name="| &quot;automacao1010@gmail.com&quot; | &quot;Automacao001&quot; |" classname="| &quot;automacao1010@gmail.com&quot; | &quot;Automacao001&quot; |" time="5.544"/>
</testsuite>